<?xml version="1.0" encoding="UTF-8"?>
<testng-results ignored="0" total="1" passed="1" failed="0" skipped="0">
  <reporter-output>
  </reporter-output>
  <suite started-at="2023-07-05T09:12:13 IST" name="Default suite" finished-at="2023-07-05T09:12:18 IST" duration-ms="5133">
    <groups>
    </groups>
    <test started-at="2023-07-05T09:12:13 IST" name="Default test" finished-at="2023-07-05T09:12:18 IST" duration-ms="5133">
      <class name="scerilizationDescerilization.CreateUser">
        <test-method signature="createUserWithDeatils()[pri:0, instance:scerilizationDescerilization.CreateUser@3f6b0be5]" started-at="2023-07-05T09:12:13 IST" name="createUserWithDeatils" finished-at="2023-07-05T09:12:18 IST" duration-ms="5071" status="PASS">
          <reporter-output>
          </reporter-output>
        </test-method> <!-- createUserWithDeatils -->
      </class> <!-- scerilizationDescerilization.CreateUser -->
    </test> <!-- Default test -->
  </suite> <!-- Default suite -->
</testng-results>
